         w __deregister_frame_info
         w __register_frame_info
         w userAppExit
         w userAppInit
00000000 00000802 B __ctru_dev_utf16_buf
00000000 A __sync_synchronize
00000000 b _TLS_MODULE_BASE_
00000000 a shift
00000000 a shift
00000804 00000401 B __ctru_dev_path_buf
00100000 A __start__
00100000 T _start
00100008 T __service_ptr
0010000c T __apt_appid
00100010 T __heap_size
00100014 T __linear_heap_size
00100018 T __system_arglist
0010001c T __system_runflags
00100020 t startup
00100058 t ClearMem
0010006c t ClrLoop
00100094 T _init
001000ac T __aeabi_idiv
001000ac 00000220 T __divsi3
001000b4 t .divsi3_skip_div0_test
001002cc 00000020 T __aeabi_idivmod
001002ec 00000004 W __aeabi_idiv0
001002ec 00000004 W __aeabi_ldiv0
001002f0 T __aeabi_uldivmod
00100348 00000390 T strcmp
001006d0 t .udivsi3_skip_div0_test
001006d0 T __aeabi_uidiv
001006d0 000001ec T __udivsi3
001008bc 00000020 T __aeabi_uidivmod
001008dc t __do_global_dtors_aux
0010092c t frame_dummy
00100958 00000078 T drawBodyText
001009d0 0000010c T drawTextPage
00100adc 00000044 T goBack
00100b20 000002b0 T drawCurrentScreen
00100dd0 000000bc T selectCurrentItem
00100e8c 000000f8 T main
00100f84 000001c8 T consoleDrawChar
0010114c 00000170 T consolePrintChar
001012bc 00000cc8 T con_write
00101f84 000000fc t newRow
00102080 00000180 T consoleInit
00102200 000000cc t gfxPresentFramebuffer
001022cc 0000001c T gfxIsWide
001022e8 000000f8 T gfxSetScreenFormat
001023e0 00000010 T gfxSetDoubleBuffering
001023f0 000000d8 T gfxInit
001024c8 00000010 T gfxInitDefault
001024d8 000000b8 T gfxExit
00102590 000000a0 T gfxGetFramebuffer
00102630 00000100 T gfxFlushBuffers
00102730 00000050 T gfxSwapBuffers
00102780 00000050 T gfxSwapBuffersGpu
001027d0 00000180 t aptConvertScreenForCapture
00102950 00000008 W aptDspSleep
00102958 00000004 W aptDspWakeup
0010295c 00000004 W aptDspCancel
00102960 00000138 T aptSendCommand
00102a98 00000044 t aptExitProcess
00102adc 00000394 T aptExit
00102e70 000000d8 T aptHandleSleep
00102f48 00000084 T APT_SleepIfShellClosed
00102fcc 00000078 T aptSetSleepAllowed
00103044 00000084 T APT_UnlockTransition
001030c8 00000470 t aptEventHandler
00103538 000000bc T APT_ReceiveParameter
001035f4 000000b0 t aptReceiveParameter.constprop.0
001036a8 00000294 t aptScreenTransfer
0010393c 000002d0 t aptWaitForWakeUp.isra.0
00103c0c 000000f4 T aptJumpToHomeMenu
00103d00 00000058 T aptMainLoop
00103d58 00000240 T aptInit
00103f98 00000090 T APT_CheckNew3DS
00104028 00000c70 t gspHardwareInit
00104c98 00000288 T gspInit
00104f20 00000104 T gspExit
00105024 00000010 T gspHasGpuRight
00105034 000000a4 T gspPresentBuffer
001050d8 00000050 T gspWaitForEvent
00105128 00000004 W gxCmdQueueInterrupt
0010512c 00000154 t gspEventThreadMain
00105280 00000050 T GSPGPU_FlushDataCache
001052d0 00000034 T GSPGPU_SetLcdForceBlack
00105304 00000084 T GSPGPU_AcquireRight
00105388 00000064 T GSPGPU_ReleaseRight
001053ec 0000007c T GSPGPU_ImportDisplayCaptureInfo
00105468 0000002c T GSPGPU_SaveVramSysArea
00105494 0000002c T GSPGPU_RestoreVramSysArea
001054c0 00000024 W hidShouldUseIrrst
001054e4 000001cc T hidInit
001056b0 000000e8 T hidExit
00105798 000002a0 T hidScanInput
00105a38 00000010 T hidKeysDown
00105a48 000001a4 T irrstInit
00105bec 000000dc T irrstExit
00105cc8 000000b4 T irrstScanInput
00105d7c 00000024 T irrstKeysHeld
00105da0 00000038 W __libctru_init
00105dd8 0000016c W __system_initArgv
00105f44 00000030 T __syscall_getreent
00105f74 00000004 T __syscall_lock_acquire
00105f78 00000004 T __syscall_lock_release
00105f7c 00000004 T __syscall_lock_acquire_recursive
00105f80 00000004 T __syscall_lock_release_recursive
00105f84 00000004 T __syscall_exit
00105f88 00000054 T initThreadVars
00105fdc 00000080 T __system_initSyscalls
0010605c T svcControlMemory
0010607c T svcQueryMemory
001060ac T svcExitProcess
001060b4 T svcCreateThread
001060d4 T svcExitThread
001060dc T svcSleepThread
001060e4 T svcReleaseMutex
001060ec T svcCreateEvent
00106100 T svcSignalEvent
00106108 T svcClearEvent
00106110 T svcMapMemoryBlock
00106118 T svcUnmapMemoryBlock
00106120 T svcCreateAddressArbiter
00106134 T svcArbitrateAddressNoTimeout
0010613c T svcCloseHandle
00106144 T svcWaitSynchronization
0010614c T svcWaitSynchronizationN
00106174 T svcDuplicateHandle
00106188 T svcConnectToPort
0010619c T svcSendSyncRequest
001061a4 T svcGetResourceLimit
001061b8 T svcGetResourceLimitLimitValues
001061c0 T svcGetResourceLimitCurrentValues
001061c8 T svcBreak
001061d0 W initSystem
00106220 W __ctru_exit
00106234 00000024 t addrMapNodeComparator(rbtree_node const*, rbtree_node const*)
00106258 00000004 t addrMapNodeDestructor(rbtree_node*)
0010625c 0000012c T linearMemAlign
00106388 00000008 T linearAlloc
00106390 0000005c T linearFree
001063ec 00000088 T MemPool::CoalesceRight(MemBlock*)
00106474 00000178 T MemPool::Allocate(MemChunk&, unsigned long, int)
001065ec 00000118 T MemPool::Deallocate(MemChunk const&)
00106704 00000030 T MemPool::GetFreeSpace()
00106734 00000024 t addrMapNodeComparator(rbtree_node const*, rbtree_node const*)
00106758 00000004 t addrMapNodeDestructor(rbtree_node*)
0010675c 00000248 T vramMemAlignAt
001069a4 0000000c T vramAlloc
001069b0 00000094 T vramFree
00106a44 0000008c W envGetHandle
00106ad0 00000050 W envDestroyHandles
00106b20 00000034 T __ctru_speedup_config
00106b54 00000164 T srvInit
00106cb8 00000064 T srvExit
00106d1c 00000060 T srvEnableNotification
00106d7c 000000a0 T srvGetServiceHandleDirect
00106e1c 00000048 T srvGetServiceHandle
00106e64 00000034 T srvSubscribe
00106e98 00000060 T srvReceiveNotification
00106ef8 00000038 T srvPublishToSubscriber
00106f30 0000000c T __sync_init
00106f3c 00000018 T __sync_fini
00106f54 00000028 T syncArbitrateAddress
00106f7c 000000ac T LightLock_Lock
00107028 00000040 T LightLock_Unlock
00107068 00000054 T RecursiveLock_Lock
001070bc 00000054 T RecursiveLock_Unlock
00107110 00000044 T LightEvent_Init
00107154 000000b8 T LightEvent_Clear
0010720c 000000dc T LightEvent_Signal
001072e8 00000050 T LightEvent_TryWait
00107338 000000ac T LightEvent_Wait
001073e4 000001fc T threadCreate
001075e0 00000038 T threadFree
00107618 00000024 T threadJoin
0010763c 00000030 T threadGetCurrent
0010766c 00000040 T threadExit
001076ac 00000020 t _thread_begin
001076cc 00000090 t mappableFindAddressWithin
0010775c 00000028 T mappableInit
00107784 0000007c T mappableAlloc
00107800 00000004 T mappableFree
00107804 00000078 T ptmSysmInit
0010787c 0000003c T ptmSysmExit
001078b8 00000034 T PTMSYSM_ConfigureNew3DSCPU
001078ec 0000000c T srvPmGetSessionHandle
001078f8 00000074 T rbtree_find
0010796c 00000010 T rbtree_init
0010797c 00000198 t do_insert
00107b14 00000008 T rbtree_insert
00107b1c 00000310 T rbtree_remove
00107e2c 00000090 T rbtree_rotate
00107ec0 000001e8 W __system_allocateHeaps
001080a8 00000030 W __appExit
001080d8 00000030 W __appInit
00108108 00000090 W __libctru_exit
00108198 00000024 t error_cmp
001081bc 00000050 t archive_translate_error
0010820c 000000c0 t archive_seek
001082cc 00000078 t _archiveInit.part.0
00108344 00000110 t archiveFindDevice.part.0
00108454 00000298 t archive_utf16path
001086ec 00000098 t _archiveUnmountDeviceStruct.part.0
00108784 00000178 t _archiveMountDevice
001088fc 000000f8 t archive_diropen
001089f4 000000ac t archive_fstat
00108aa0 00000074 t archive_fsync
00108b14 00000074 t archive_close
00108b88 00000078 t archive_dirclose
00108c00 000000ec t sdmc_statvfs
00108cec 000000f8 t archive_chdir
00108de4 0000008c t archive_ftruncate
00108e70 000000bc t archive_read
00108f2c 000000a8 t archive_unlink
00108fd4 000000c0 t archive_rmdir
00109094 000000d8 t archive_mkdir
0010916c 000001a0 t archive_stat
0010930c 00000164 t archive_dirnext
00109470 0000013c t archive_write
001095b0 00000254 t archive_open
00109804 00000270 t archive_rename
00109a74 000001c8 T archiveMountSdmc
00109c3c 00000054 T archiveUnmountAll
00109c90 00000104 T fsInit
00109d94 0000003c T fsExit
00109dd0 00000068 T fsExemptFromSession
00109e38 00000050 T fsUnexemptFromSession
00109e88 000000cc T FSUSER_OpenFile
00109f54 000000b8 T FSUSER_DeleteFile
0010a00c 000000f4 T FSUSER_RenameFile
0010a100 000000b8 T FSUSER_DeleteDirectory
0010a1b8 000000d0 T FSUSER_CreateFile
0010a288 000000c0 T FSUSER_CreateDirectory
0010a348 000000f4 T FSUSER_RenameDirectory
0010a43c 000000b4 T FSUSER_OpenDirectory
0010a4f0 00000090 T FSUSER_OpenArchive
0010a580 0000008c T FSUSER_CloseArchive
0010a60c 00000074 T FSUSER_GetSdmcArchiveResource
0010a680 00000064 T FSUSER_IsSdmcWritable
0010a6e4 00000064 T FSFILE_Read
0010a748 0000006c T FSFILE_Write
0010a7b4 00000044 T FSFILE_GetSize
0010a7f8 00000028 T FSFILE_SetSize
0010a820 0000003c T FSFILE_Close
0010a85c 00000024 T FSFILE_Flush
0010a880 00000060 T FSDIR_Read
0010a8e0 0000003c T FSDIR_Close
0010a91c 00000060 T rbtree_node_next
0010a97c 00000140 T decode_utf8
0010aabc 000000e8 T utf16_to_utf8
0010aba4 000000c0 T utf8_to_utf16
0010ac64 T __aeabi_read_tp
0010ac70 00000054 T decode_utf16
0010acc4 00000054 T encode_utf16
0010ad18 000000e0 T encode_utf8
0010adf8 00000130 T __udivmoddi4
0010af28 000000e4 T strncat
0010b00c 00000128 T memcpy
0010b134 0000008c T strlen
0010b1c0 00000078 T bsearch
0010b238 00000028 T memalign
0010b260 00000034 T printf
0010b294 000001ec t _strtoul_l.isra.0
0010b480 0000003c T strtoul
0010b4bc 0000016c T _memalign_r
0010b628 0000000c T __errno
0010b634 000000e4 T memset
0010b718 0000022c T __sflush_r
0010b944 000000c4 T _fflush_r
0010ba08 0000082c T _malloc_r
0010c234 00000114 T _malloc_trim_r
0010c348 00000314 T _free_r
0010c65c 00000294 T setvbuf
0010c8f0 0000001c t stdio_exit_handler
0010c90c 0000005c t cleanup_stdio
0010c968 00000154 t global_stdio_init.part.0
0010cabc 0000005c T __sinit
0010cb18 0000000c T __sfp_lock_acquire
0010cb24 0000000c T __sfp_lock_release
0010cb30 00000084 T __libc_init_array
0010cbb4 000000d4 T strncpy
0010cc88 00000040 T malloc
0010ccc8 00000020 T free
0010cce8 00000044 T __sread
0010cd2c 00000068 T __swrite
0010cd94 00000040 T __sseek
0010cdd4 00000008 T __sclose
0010cddc 0000000c T __malloc_lock
0010cde8 0000000c T __malloc_unlock
0010cdf4 00000148 T _fclose_r
0010cf3c 00000024 T putchar
0010cf60 00000004 W __call_exitprocs
0010cf64 00000030 T exit
0010cf94 0000003c T __libc_fini_array
0010cfd0 0000003c T strnlen
0010d00c 000000d8 T strncmp
0010d0e4 00000070 T _fwalk_sglue
0010d154 000005e0 t get_arg
0010d738 00003554 T _vfprintf_r
00110c8c 000000b4 t __sbprintf
00110d40 000000a0 T _wcrtomb_r
00110de0 00000164 T __smakebuf_r
00110f44 00000090 T __swhatbuf_r
00110fd4 00000024 T __locale_mb_cur_max
00110ff8 00000030 T __sprint_r
00111028 000000fc T _putc_r
00111124 000001c0 t quorem
001112e8 00001420 T _dtoa_r
00112708 00000124 T __swbuf_r
0011282c 000000e8 T memchr
00112914 00000028 T _wcsrtombs_r
0011293c 00000140 T __swsetup_r
00112a7c 00000024 T _localeconv_r
00112aa0 000000f8 T __utf8_wctomb
00112b98 0000015c T _wcsnrtombs_l
00112cf4 00000064 T _wcsnrtombs_r
00112d58 00000088 T frexp
00112de0 0000005c T __assert_func
00112e3c 00000088 T _Balloc
00112ec4 0000001c T _Bfree
00112ee0 000000f4 T __multadd
00112fd4 00000080 T __hi0bits
00113054 000000f0 T __lo0bits
00113144 000000a4 T __i2b
001131e8 00000230 T __multiply
00113418 00000130 T __pow5mult
00113548 00000138 T __lshift
00113680 00000058 T __mcmp
001136d8 00000218 T __mdiff
001138f0 00000120 T __d2b
00113a10 00000340 T __utf8_mbtowc
00113d50 0000003c T fiprintf
00113d8c 000004a4 T __sfvwrite_r
00114230 00000140 T strchr
00114370 00000014 T abort
00114384 000000d8 T _calloc_r
0011445c 000001a8 T memmove
00114604 000004f0 T _realloc_r
00114af4 000005e0 t get_arg
001150d4 000022f8 T _vfiprintf_r
001173cc 000000b4 t __sbprintf
00117480 0000009c T _raise_r
0011751c 00000020 T raise
0011753c 00000020 T _exit
0011755c 00000140 T chdir
0011769c 000001c8 T _concatenate_path
00117864 0000009c T _fstat_r
00117900 00000014 T _getpid_r
00117914 0000002c T __getreent
00117940 00000058 T __get_handle
00117998 00000110 T _close_r
00117aa8 00000008 t null_write
00117ab0 00000018 T setDefaultDevice
00117ac8 00000098 T FindDevice
00117b60 00000024 T RemoveDevice
00117b84 00000088 T AddDevice
00117c0c 00000020 T GetDeviceOpTab
00117c2c 00000008 T _isatty_r
00117c34 00000014 T _kill_r
00117c48 00000094 T _lseek_r
00117cdc 00000094 T _read_r
00117d70 00000078 W _sbrk_r
00117de8 0000001c T __libc_lock_acquire
00117e04 0000001c T __libc_lock_release
00117e20 0000001c T __libc_lock_acquire_recursive
00117e3c 0000001c T __libc_lock_release_recursive
00117e58 00000094 T _write_r
00117eec 00000048 T strrchr
00117f34 T _fini
00118870 r .LC2
001189b4 00000018 r CSWTCH.36
00118c18 00000080 r dotab_stdout
00118c98 00000018 r grayScale
00118cb0 00000006 r colorCube
00118cb8 00000030 r colorTable
00118d04 00000008 r morton_y.2
00118d0c 00000008 r morton_x.3
00118d14 00000008 r s_sleepWakeEvents.4
00118d1c 0000000c r serviceNameTable.5
00118d28 R default_font_bin
00119528 R default_font_bin_end
00119528 00000030 r error_table
00119558 00000080 r archive_devoptab
001195d8 00000101 R _ctype_
00119800 00000010 r zeroes.0
00119810 00000010 r blanks.1
00119820 0000006c R __action_table
0011988c 0000006c R __state_table
001198f8 00000100 R __chclass
00119a00 0000000c r p05.0
00119a10 00000028 R __mprec_bigtens
00119a38 000000c8 R __mprec_tens
00119bec 00000010 r zeroes.0
00119bfc 00000010 r blanks.1
00119c0c 00000080 R dotab_stdnull
00119c8c R __tdata_align
00119c90 r __EH_FRAME_BEGIN__
00119c90 R __exidx_end
00119c90 R __exidx_start
0011a000 00000001 d firstConsoleInit.0
0011a004 00000004 D currentConsole
0011a008 00000048 D defaultConsole
0011a050 00000004 d aptChainloadDeliverArgSize
0011a054 00000004 d kCount
0011a058 00000004 d kInterval
0011a05c 00000004 d kDelay
0011a060 W __stacksize__
0011a064 00000004 D _impure_ptr
0011a068 00000200 D _impure_data
0011a268 00000004 D __malloc_sbrk_base
0011a26c 00000004 D __malloc_trim_threshold
0011a270 00000408 D __malloc_av_
0011a678 0000000c D __sglue
0011a684 00000254 D __global_locale
0011a8d8 00000400 d _current_working_directory
0011acd8 00001000 d handles
0011bcd8 0000000c d __stderr_handle
0011bce4 0000000c d __stdout_handle
0011bcf0 0000000c d __stdin_handle
0011bcfc 0000008c D devoptab_list
0011bd88 00000004 d defaultDevice
0011bd94 d _GLOBAL_OFFSET_TABLE_
0011bda0 d __frame_dummy_init_array_entry
0011bda0 D __init_array_start
0011bda0 B __preinit_array_end
0011bda0 B __preinit_array_start
0011bda0 D __tdata_lma
0011bda0 D __tdata_lma_end
0011bda4 d __do_global_dtors_aux_fini_array_entry
0011bda4 D __fini_array_start
0011bda4 D __init_array_end
0011bda8 D __bss_start__
0011bda8 D __fini_array_end
0011bda8 00000004 b selected
0011bdac 00000001 b currentScreen
0011bdad b completed.1
0011bdb0 b object.0
0011bdc8 00000064 b escapeSeq
0011be2c 00000048 B currentCopy
0011be74 00000004 b screenAlloc
0011be78 00000004 b screenFree
0011be7c 00000002 b gfxIsDoubleBuf
0011be80 00000002 b gfxCurBuf
0011be82 00000001 b gfxIsVram
0011be83 00000001 b gfxTopMode
0011be84 00000002 b gfxFramebufferFormats
0011be88 00000004 b gfxBottomFramebufferMaxSize
0011be8c 00000004 b gfxTopFramebufferMaxSize
0011be90 00000008 b gfxBottomFramebuffers
0011be98 00000008 b gfxTopFramebuffers
0011bea0 00000001 b flagValue.0
0011bea1 00000001 b flagInit.1
0011bea4 00000004 b serviceName.6
0011bea8 00000001 b aptChainloadFlags
0011bea9 00000001 b aptChainloadMediatype
0011beac 00000020 b aptChainloadHmac
0011becc 00000300 b aptChainloadDeliverArg
0011c1d0 00000008 b aptChainloadTid
0011c1d8 00001000 b aptParameters
0011d1d8 00000004 b aptFlags
0011d1dc 00000001 b aptHomeButtonState
0011d1e0 00000004 b aptMessageFuncData
0011d1e4 00000004 b aptMessageFunc
0011d1e8 0000000c b aptFirstHook
0011d1f4 00000001 b aptEventHandlerThreadQuit
0011d1f8 00000004 b aptEventHandlerThread
0011d1fc 00000008 b aptSleepEvent
0011d204 00000008 b aptReceiveEvent
0011d20c 00000008 b aptEvents
0011d214 00000004 b aptLockHandle
0011d218 00000004 b aptRefCount
0011d21c 00000007 b gspEventCbOneShot
0011d224 0000001c b gspEventCbData
0011d240 0000001c b gspEventCb
0011d25c 00000038 b gspEvents
0011d294 00000004 b gspLastEvent
0011d298 00000001 b gspRunEvents
0011d29c 00000004 b gspEventThread
0011d2a0 00000004 b gspEvent
0011d2a4 00000001 b gspGpuRight
0011d2a5 00000001 b gspThreadId
0011d2a8 00000004 b gspSharedMem
0011d2ac 00000004 b gspSharedMemHandle
0011d2b0 00000004 b gspRefCount
0011d2b4 00000004 b gspGpuHandle
0011d2b8 00000001 b usingIrrst
0011d2bc 00000004 b hidRefCount
0011d2c0 00000006 b gRate
0011d2c8 00000006 b aVec
0011d2d0 00000004 b cPos
0011d2d4 00000004 b tPos
0011d2d8 00000004 b kRepeat
0011d2dc 00000004 b kUp
0011d2e0 00000004 b kDown
0011d2e4 00000004 b kHeld
0011d2e8 00000004 b kOld
0011d2ec 00000004 B hidSharedMem
0011d2f0 00000014 B hidEvents
0011d304 00000004 B hidMemHandle
0011d308 00000004 B hidHandle
0011d30c 00000004 b irrstRefCount
0011d310 00000004 b csPos
0011d314 00000004 b kHeld
0011d318 00000004 B irrstSharedMem
0011d31c 00000004 B irrstEvent
0011d320 00000004 B irrstMemHandle
0011d324 00000004 B irrstHandle
0011d328 00000004 B __system_retAddr
0011d32c 00000004 B __system_argv
0011d330 00000004 B __system_argc
0011d334 b saved_stack
0011d340 00000008 b sLinearPool
0011d348 0000000c b sAddrMap
0011d358 00000008 b sVramPoolB
0011d360 00000008 b sVramPoolA
0011d368 0000000c b sAddrMap
0011d374 00000004 B __3dslink_host
0011d378 00000001 V __ctru_speedup
0011d37c 00000004 b srvRefCount
0011d380 00000004 b srvHandle
0011d384 00000004 b arbiter
0011d388 00000004 b currentAddr
0011d38c 00000004 b maxAddr
0011d390 00000004 b minAddr
0011d394 00000004 b ptmSysmRefCount
0011d398 00000004 b ptmSysmHandle
0011d39c 00000004 b srvPmHandle
0011d3a0 00000004 V __ctru_linear_heap_size
0011d3a4 00000004 V __ctru_heap_size
0011d3a8 00000004 B __ctru_linear_heap
0011d3ac 00000004 B __ctru_heap
0011d3b0 000005c0 b archive_devices
0011d970 00000004 b archive_device_cwd
0011d974 00000001 b archive_initialized
0011d978 00000080 b fsExemptArchives
0011d9f8 00000004 b fsuRefCount
0011d9fc 00000004 b fsuHandle
0011da00 00000028 B __malloc_current_mallinfo
0011da28 00000004 B __malloc_max_total_mem
0011da2c 00000004 B __malloc_max_sbrked_mem
0011da30 00000004 B __malloc_top_pad
0011da34 0000000c b __sfp_recursive_mutex
0011da40 00000168 B __sf
0011dba8 00000004 B __stdio_exit_handler
0011dbac 0000000c b __malloc_recursive_mutex
0011dbb8 00000400 b temp_cwd
0011dfb8 00000004 b __hndl_lock
0011dfbc 00000004 B fake_heap_start
0011dfc0 00000004 B fake_heap_end
0011dfc4 00000004 b heap_start.0
0011dfc8 B __tls_start
0011ebd0 B __bss_end__
0011ebd0 A __end__
0011ebd0 B __tls_end
